This is pdfTeX, Version 3.141592653-2.6-1.40.25 (TeX Live 2023/Debian) (preloaded format=pdflatex 2026.3.31)  14 APR 2026 13:15
entering extended mode
 restricted \write18 enabled.
 %&-line parsing enabled.
**GeometryPacket.tex
(./GeometryPacket.tex
LaTeX2e <2023-11-01> patch level 1
L3 programming layer <2024-01-22>
(/usr/share/texlive/texmf-dist/tex/latex/base/article.cls
Document Class: article 2023/05/17 v1.4n Standard LaTeX document class
(/usr/share/texlive/texmf-dist/tex/latex/base/size10.clo
File: size10.clo 2023/05/17 v1.4n Standard LaTeX file (size option)
)
\c@part=\count187
\c@section=\count188
\c@subsection=\count189
\c@subsubsection=\count190
\c@paragraph=\count191
\c@subparagraph=\count192
\c@figure=\count193
\c@table=\count194
\abovecaptionskip=\skip48
\belowcaptionskip=\skip49
\bibindent=\dimen140
)
(/usr/share/texlive/texmf-dist/tex/latex/amsmath/amsmath.sty
Package: amsmath 2023/05/13 v2.17o AMS math features
\@mathmargin=\skip50

For additional information on amsmath, use the `?' option.
(/usr/share/texlive/texmf-dist/tex/latex/amsmath/amstext.sty
Package: amstext 2021/08/26 v2.01 AMS text

(/usr/share/texlive/texmf-dist/tex/latex/amsmath/amsgen.sty
File: amsgen.sty 1999/11/30 v2.0 generic functions
\@emptytoks=\toks17
\ex@=\dimen141
))
(/usr/share/texlive/texmf-dist/tex/latex/amsmath/amsbsy.sty
Package: amsbsy 1999/11/29 v1.2d Bold Symbols
\pmbraise@=\dimen142
)
(/usr/share/texlive/texmf-dist/tex/latex/amsmath/amsopn.sty
Package: amsopn 2022/04/08 v2.04 operator names
)
\inf@bad=\count195
LaTeX Info: Redefining \frac on input line 234.
\uproot@=\count196
\leftroot@=\count197
LaTeX Info: Redefining \overline on input line 399.
LaTeX Info: Redefining \colon on input line 410.
\classnum@=\count198
\DOTSCASE@=\count199
LaTeX Info: Redefining \ldots on input line 496.
LaTeX Info: Redefining \dots on input line 499.
LaTeX Info: Redefining \cdots on input line 620.
\Mathstrutbox@=\box51
\strutbox@=\box52
LaTeX Info: Redefining \big on input line 722.
LaTeX Info: Redefining \Big on input line 723.
LaTeX Info: Redefining \bigg on input line 724.
LaTeX Info: Redefining \Bigg on input line 725.
\big@size=\dimen143
LaTeX Font Info:    Redeclaring font encoding OML on input line 743.
LaTeX Font Info:    Redeclaring font encoding OMS on input line 744.
\macc@depth=\count266
LaTeX Info: Redefining \bmod on input line 905.
LaTeX Info: Redefining \pmod on input line 910.
LaTeX Info: Redefining \smash on input line 940.
LaTeX Info: Redefining \relbar on input line 970.
LaTeX Info: Redefining \Relbar on input line 971.
\c@MaxMatrixCols=\count267
\dotsspace@=\muskip16
\c@parentequation=\count268
\dspbrk@lvl=\count269
\tag@help=\toks18
\row@=\count270
\column@=\count271
\maxfields@=\count272
\andhelp@=\toks19
\eqnshift@=\dimen144
\alignsep@=\dimen145
\tagshift@=\dimen146
\tagwidth@=\dimen147
\totwidth@=\dimen148
\lineht@=\dimen149
\@envbody=\toks20
\multlinegap=\skip51
\multlinetaggap=\skip52
\mathdisplay@stack=\toks21
LaTeX Info: Redefining \[ on input line 2953.
LaTeX Info: Redefining \] on input line 2954.
)
(/usr/share/texlive/texmf-dist/tex/latex/geometry/geometry.sty
Package: geometry 2020/01/02 v5.9 Page Geometry

(/usr/share/texlive/texmf-dist/tex/latex/graphics/keyval.sty
Package: keyval 2022/05/29 v1.15 key=value parser (DPC)
\KV@toks@=\toks22
)
(/usr/share/texlive/texmf-dist/tex/generic/iftex/ifvtex.sty
Package: ifvtex 2019/10/25 v1.7 ifvtex legacy package. Use iftex instead.

(/usr/share/texlive/texmf-dist/tex/generic/iftex/iftex.sty
Package: iftex 2022/02/03 v1.0f TeX engine tests
))
\Gm@cnth=\count273
\Gm@cntv=\count274
\c@Gm@tempcnt=\count275
\Gm@bindingoffset=\dimen150
\Gm@wd@mp=\dimen151
\Gm@odd@mp=\dimen152
\Gm@even@mp=\dimen153
\Gm@layoutwidth=\dimen154
\Gm@layoutheight=\dimen155
\Gm@layouthoffset=\dimen156
\Gm@layoutvoffset=\dimen157
\Gm@dimlist=\toks23
)
(/usr/share/texlive/texmf-dist/tex/latex/graphics/graphicx.sty
Package: graphicx 2021/09/16 v1.2d Enhanced LaTeX Graphics (DPC,SPQR)

(/usr/share/texlive/texmf-dist/tex/latex/graphics/graphics.sty
Package: graphics 2022/03/10 v1.4e Standard LaTeX Graphics (DPC,SPQR)

(/usr/share/texlive/texmf-dist/tex/latex/graphics/trig.sty
Package: trig 2021/08/11 v1.11 sin cos tan (DPC)
)
(/usr/share/texlive/texmf-dist/tex/latex/graphics-cfg/graphics.cfg
File: graphics.cfg 2016/06/04 v1.11 sample graphics configuration
)
Package graphics Info: Driver file: pdftex.def on input line 107.

(/usr/share/texlive/texmf-dist/tex/latex/graphics-def/pdftex.def
File: pdftex.def 2022/09/22 v1.2b Graphics/color driver for pdftex
))
\Gin@req@height=\dimen158
\Gin@req@width=\dimen159
)
(/usr/share/texlive/texmf-dist/tex/latex/l3backend/l3backend-pdftex.def
File: l3backend-pdftex.def 2024-01-04 L3 backend support: PDF output (pdfTeX)
\l__color_backend_stack_int=\count276
\l__pdf_internal_box=\box53
)
(./GeometryPacket.aux)
\openout1 = `GeometryPacket.aux'.

LaTeX Font Info:    Checking defaults for OML/cmm/m/it on input line 5.
LaTeX Font Info:    ... okay on input line 5.
LaTeX Font Info:    Checking defaults for OMS/cmsy/m/n on input line 5.
LaTeX Font Info:    ... okay on input line 5.
LaTeX Font Info:    Checking defaults for OT1/cmr/m/n on input line 5.
LaTeX Font Info:    ... okay on input line 5.
LaTeX Font Info:    Checking defaults for T1/cmr/m/n on input line 5.
LaTeX Font Info:    ... okay on input line 5.
LaTeX Font Info:    Checking defaults for TS1/cmr/m/n on input line 5.
LaTeX Font Info:    ... okay on input line 5.
LaTeX Font Info:    Checking defaults for OMX/cmex/m/n on input line 5.
LaTeX Font Info:    ... okay on input line 5.
LaTeX Font Info:    Checking defaults for U/cmr/m/n on input line 5.
LaTeX Font Info:    ... okay on input line 5.

*geometry* driver: auto-detecting
*geometry* detected driver: pdftex
*geometry* verbose mode - [ preamble ] result:
* driver: pdftex
* paper: <default>
* layout: <same size as paper>
* layoutoffset:(h,v)=(0.0pt,0.0pt)
* modes: 
* h-part:(L,W,R)=(42.67912pt, 528.93675pt, 42.67912pt)
* v-part:(T,H,B)=(42.67912pt, 709.61174pt, 42.67912pt)
* \paperwidth=614.295pt
* \paperheight=794.96999pt
* \textwidth=528.93675pt
* \textheight=709.61174pt
* \oddsidemargin=-29.59087pt
* \evensidemargin=-29.59087pt
* \topmargin=-66.59087pt
* \headheight=12.0pt
* \headsep=25.0pt
* \topskip=10.0pt
* \footskip=30.0pt
* \marginparwidth=65.0pt
* \marginparsep=11.0pt
* \columnsep=10.0pt
* \skip\footins=9.0pt plus 4.0pt minus 2.0pt
* \hoffset=0.0pt
* \voffset=0.0pt
* \mag=1000
* \@twocolumnfalse
* \@twosidefalse
* \@mparswitchfalse
* \@reversemarginfalse
* (1in=72.27pt=25.4mm, 1cm=28.453pt)

(/usr/share/texlive/texmf-dist/tex/context/base/mkii/supp-pdf.mkii
[Loading MPS to PDF converter (version 2006.09.02).]
\scratchcounter=\count277
\scratchdimen=\dimen160
\scratchbox=\box54
\nofMPsegments=\count278
\nofMParguments=\count279
\everyMPshowfont=\toks24
\MPscratchCnt=\count280
\MPscratchDim=\dimen161
\MPnumerator=\count281
\makeMPintoPDFobject=\count282
\everyMPtoPDFconversion=\toks25
) (/usr/share/texlive/texmf-dist/tex/latex/epstopdf-pkg/epstopdf-base.sty
Package: epstopdf-base 2020-01-24 v2.11 Base part for package epstopdf
Package epstopdf-base Info: Redefining graphics rule for `.eps' on input line 4
85.

(/usr/share/texlive/texmf-dist/tex/latex/latexconfig/epstopdf-sys.cfg
File: epstopdf-sys.cfg 2010/07/13 v1.3 Configuration of (r)epstopdf for TeX Liv
e
))
<RectangleArea2.png, id=1, 141.52875pt x 122.70844pt>
File: RectangleArea2.png Graphic file (type png)
<use RectangleArea2.png>
Package pdftex.def Info: RectangleArea2.png  used on input line 24.
(pdftex.def)             Requested size: 158.68263pt x 137.59352pt.
<RectangleArea3.png, id=3, 137.01187pt x 56.46094pt>
File: RectangleArea3.png Graphic file (type png)
<use RectangleArea3.png>
Package pdftex.def Info: RectangleArea3.png  used on input line 26.
(pdftex.def)             Requested size: 158.68263pt x 65.3965pt.
<ParallelogramArea1.png, id=4, 190.46156pt x 115.18031pt>
File: ParallelogramArea1.png Graphic file (type png)
<use ParallelogramArea1.png>
Package pdftex.def Info: ParallelogramArea1.png  used on input line 38.
(pdftex.def)             Requested size: 158.68263pt x 95.96516pt.
<ParallelogramArea3.png, id=5, 168.63pt x 112.16907pt>
File: ParallelogramArea3.png Graphic file (type png)
<use ParallelogramArea3.png>
Package pdftex.def Info: ParallelogramArea3.png  used on input line 40.
(pdftex.def)             Requested size: 158.68263pt x 105.55359pt.
<KiteArea1.png, id=6, 202.50656pt x 147.55125pt>
File: KiteArea1.png Graphic file (type png)
<use KiteArea1.png>
Package pdftex.def Info: KiteArea1.png  used on input line 53.
(pdftex.def)             Requested size: 158.68263pt x 115.6231pt.
<KiteArea2.png, id=7, 274.02374pt x 189.70876pt>
File: KiteArea2.png Graphic file (type png)
<use KiteArea2.png>
Package pdftex.def Info: KiteArea2.png  used on input line 55.
(pdftex.def)             Requested size: 158.68263pt x 109.85747pt.
<TrapezoidArea1.png, id=8, 152.82094pt x 155.83218pt>
File: TrapezoidArea1.png Graphic file (type png)
<use TrapezoidArea1.png>
Package pdftex.def Info: TrapezoidArea1.png  used on input line 67.
(pdftex.def)             Requested size: 158.68263pt x 161.81673pt.
<TrapezoidArea2.png, id=9, 168.63pt x 110.66344pt>
File: TrapezoidArea2.png Graphic file (type png)
<use TrapezoidArea2.png>
Package pdftex.def Info: TrapezoidArea2.png  used on input line 69.
(pdftex.def)             Requested size: 158.68263pt x 104.13675pt.

[1

{/var/lib/texmf/fonts/map/pdftex/updmap/pdftex.map} <./RectangleArea2.png> <./R
ectangleArea3.png> <./ParallelogramArea1.png> <./ParallelogramArea3.png> <./Kit
eArea1.png> <./KiteArea2.png>]
<TriangleArea1.png, id=24, 118.94438pt x 149.8097pt>
File: TriangleArea1.png Graphic file (type png)
<use TriangleArea1.png>
Package pdftex.def Info: TriangleArea1.png  used on input line 81.
(pdftex.def)             Requested size: 84.6318pt x 106.59877pt.
<TriangleArea2.png, id=25, 111.41624pt x 158.09062pt>
File: TriangleArea2.png Graphic file (type png)
<use TriangleArea2.png>
Package pdftex.def Info: TriangleArea2.png  used on input line 83.
(pdftex.def)             Requested size: 84.6318pt x 120.08739pt.
<TriangleArea3.png, id=26, 188.95593pt x 125.71968pt>
File: TriangleArea3.png Graphic file (type png)
<use TriangleArea3.png>
Package pdftex.def Info: TriangleArea3.png  used on input line 85.
(pdftex.def)             Requested size: 132.23418pt x 87.98015pt.
<TriangleArea4.png, id=27, 149.8097pt x 114.4275pt>
File: TriangleArea4.png Graphic file (type png)
<use TriangleArea4.png>
Package pdftex.def Info: TriangleArea4.png  used on input line 87.
(pdftex.def)             Requested size: 132.23418pt x 101.01079pt.
<CircleArea1.png, id=28, 140.02313pt x 129.48375pt>
File: CircleArea1.png Graphic file (type png)
<use CircleArea1.png>
Package pdftex.def Info: CircleArea1.png  used on input line 101.
(pdftex.def)             Requested size: 105.78574pt x 97.82777pt.
<CircleArea2.png, id=29, 162.6075pt x 152.82094pt>
File: CircleArea2.png Graphic file (type png)
<use CircleArea2.png>
Package pdftex.def Info: CircleArea2.png  used on input line 103.
(pdftex.def)             Requested size: 105.78574pt x 99.42102pt.
<Circumference1.png, id=30, 170.88844pt x 152.82094pt>
File: Circumference1.png Graphic file (type png)
<use Circumference1.png>
Package pdftex.def Info: Circumference1.png  used on input line 117.
(pdftex.def)             Requested size: 84.6318pt x 75.68506pt.
<Circumference2.png, id=31, 147.55125pt x 138.5175pt>
File: Circumference2.png Graphic file (type png)
<use Circumference2.png>
Package pdftex.def Info: Circumference2.png  used on input line 119.
(pdftex.def)             Requested size: 84.6318pt x 79.45036pt.
 [2 <./TrapezoidArea1.png> <./TrapezoidArea2.png> <./TriangleArea1.png> <./Tria
ngleArea2.png> <./TriangleArea3.png> <./TriangleArea4.png> <./CircleArea1.png> 
<./CircleArea2.png>]
<Sector1.png, id=44, 135.50626pt x 137.01187pt>
File: Sector1.png Graphic file (type png)
<use Sector1.png>
Package pdftex.def Info: Sector1.png  used on input line 131.
(pdftex.def)             Requested size: 84.6318pt x 85.57576pt.
<Sector2.png, id=45, 141.52875pt x 141.52875pt>
File: Sector2.png Graphic file (type png)
<use Sector2.png>
Package pdftex.def Info: Sector2.png  used on input line 133.
(pdftex.def)             Requested size: 84.6318pt x 84.63283pt.
<Sector3.png, id=46, 138.5175pt x 138.5175pt>
File: Sector3.png Graphic file (type png)
<use Sector3.png>
Package pdftex.def Info: Sector3.png  used on input line 135.
(pdftex.def)             Requested size: 84.6318pt x 84.63081pt.
<Sector4.png, id=47, 140.77594pt x 130.23656pt>
File: Sector4.png Graphic file (type png)
<use Sector4.png>
Package pdftex.def Info: Sector4.png  used on input line 137.
(pdftex.def)             Requested size: 84.6318pt x 78.29555pt.
<PrismVolume1.png, id=48, 166.37157pt x 108.405pt>
File: PrismVolume1.png Graphic file (type png)
<use PrismVolume1.png>
Package pdftex.def Info: PrismVolume1.png  used on input line 149.
(pdftex.def)             Requested size: 105.78574pt x 68.92903pt.
<PrismVolume2.png, id=49, 161.10187pt x 124.21407pt>
File: PrismVolume2.png Graphic file (type png)
<use PrismVolume2.png>
Package pdftex.def Info: PrismVolume2.png  used on input line 151.
(pdftex.def)             Requested size: 105.78574pt x 81.56644pt.
<SphereVolume1.png, id=50, 123.46124pt x 106.14656pt>
File: SphereVolume1.png Graphic file (type png)
<use SphereVolume1.png>
Package pdftex.def Info: SphereVolume1.png  used on input line 163.
(pdftex.def)             Requested size: 84.6318pt x 72.76663pt.
<SphereVolume2.png, id=51, 117.43875pt x 101.62968pt>
File: SphereVolume2.png Graphic file (type png)
<use SphereVolume2.png>
Package pdftex.def Info: SphereVolume2.png  used on input line 165.
(pdftex.def)             Requested size: 84.6318pt x 73.23843pt.
<CylinderVolume1.png, id=52, 82.80937pt x 122.70844pt>
File: CylinderVolume1.png Graphic file (type png)
<use CylinderVolume1.png>
Package pdftex.def Info: CylinderVolume1.png  used on input line 177.
(pdftex.def)             Requested size: 84.6318pt x 125.41557pt.
<CylinderVolume2.png, id=53, 130.98938pt x 110.66344pt>
File: CylinderVolume2.png Graphic file (type png)
<use CylinderVolume2.png>
Package pdftex.def Info: CylinderVolume2.png  used on input line 179.
(pdftex.def)             Requested size: 84.6318pt x 71.50146pt.
<CylinderVolume3.png, id=54, 135.50626pt x 113.67468pt>
File: CylinderVolume3.png Graphic file (type png)
<use CylinderVolume3.png>
Package pdftex.def Info: CylinderVolume3.png  used on input line 181.
(pdftex.def)             Requested size: 84.6318pt x 70.99965pt.
<CylinderVolume4.png, id=55, 112.16907pt x 132.495pt>
File: CylinderVolume4.png Graphic file (type png)
<use CylinderVolume4.png>
Package pdftex.def Info: CylinderVolume4.png  used on input line 183.
(pdftex.def)             Requested size: 84.6318pt x 99.97144pt.
 [3 <./Circumference1.png> <./Circumference2.png> <./Sector1.png> <./Sector2.pn
g> <./Sector3.png> <./Sector4.png> <./PrismVolume1.png> <./PrismVolume2.png> <.
/SphereVolume1.png> <./SphereVolume2.png>]
<PyramidVolume2.png, id=69, 121.20282pt x 132.495pt>
File: PyramidVolume2.png Graphic file (type png)
<use PyramidVolume2.png>
Package pdftex.def Info: PyramidVolume2.png  used on input line 197.
(pdftex.def)             Requested size: 105.78574pt x 115.64777pt.
<PyramidVolume3.png, id=70, 132.495pt x 134.00063pt>
File: PyramidVolume3.png Graphic file (type png)
<use PyramidVolume3.png>
Package pdftex.def Info: PyramidVolume3.png  used on input line 199.
(pdftex.def)             Requested size: 105.78574pt x 106.98798pt.
<PyramidVolume4.png, id=71, 205.5178pt x 153.57375pt>
File: PyramidVolume4.png Graphic file (type png)
<use PyramidVolume4.png>
Package pdftex.def Info: PyramidVolume4.png  used on input line 201.
(pdftex.def)             Requested size: 158.68263pt x 118.57552pt.
<ConeVolume1.png, id=72, 119.69719pt x 130.98938pt>
File: ConeVolume1.png Graphic file (type png)
<use ConeVolume1.png>
Package pdftex.def Info: ConeVolume1.png  used on input line 214.
(pdftex.def)             Requested size: 105.78574pt x 115.76668pt.
<ConeVolume2.png, id=73, 104.64093pt x 147.55125pt>
File: ConeVolume2.png Graphic file (type png)
<use ConeVolume2.png>
Package pdftex.def Info: ConeVolume2.png  used on input line 216.
(pdftex.def)             Requested size: 105.78574pt x 149.16515pt.
<SA1.png, id=74, 158.84344pt x 127.97812pt>
File: SA1.png Graphic file (type png)
<use SA1.png>
Package pdftex.def Info: SA1.png  used on input line 229.
(pdftex.def)             Requested size: 95.20473pt x 76.70738pt.
<SA2.png, id=75, 170.88844pt x 147.55125pt>
File: SA2.png Graphic file (type png)
<use SA2.png>
Package pdftex.def Info: SA2.png  used on input line 231.
(pdftex.def)             Requested size: 95.20473pt x 82.20485pt.
<SA3.png, id=76, 172.39406pt x 176.15813pt>
File: SA3.png Graphic file (type png)
<use SA3.png>
Package pdftex.def Info: SA3.png  used on input line 233.
(pdftex.def)             Requested size: 95.20473pt x 97.28508pt.
<SA4.png, id=77, 174.6525pt x 130.23656pt>
File: SA4.png Graphic file (type png)
<use SA4.png>
Package pdftex.def Info: SA4.png  used on input line 235.
(pdftex.def)             Requested size: 95.20473pt x 70.9944pt.
 [4 <./CylinderVolume1.png> <./CylinderVolume2.png> <./CylinderVolume3.png> <./
CylinderVolume4.png> <./PyramidVolume2.png> <./PyramidVolume3.png> <./PyramidVo
lume4.png> <./ConeVolume1.png> <./ConeVolume2.png>]
<SA5.png, id=90, 137.7647pt x 146.79843pt>
File: SA5.png Graphic file (type png)
<use SA5.png>
Package pdftex.def Info: SA5.png  used on input line 239.
(pdftex.def)             Requested size: 95.20473pt x 101.45229pt.
<SA6.png, id=91, 174.6525pt x 123.46124pt>
File: SA6.png Graphic file (type png)
<use SA6.png>
Package pdftex.def Info: SA6.png  used on input line 241.
(pdftex.def)             Requested size: 95.20473pt x 67.30104pt.
<SA7.png, id=92, 132.495pt x 66.2475pt>
File: SA7.png Graphic file (type png)
<use SA7.png>
Package pdftex.def Info: SA7.png  used on input line 243.
(pdftex.def)             Requested size: 95.20473pt x 47.60313pt.
<SA8.png, id=93, 112.92188pt x 121.20282pt>
File: SA8.png Graphic file (type png)
<use SA8.png>
Package pdftex.def Info: SA8.png  used on input line 245.
(pdftex.def)             Requested size: 95.20473pt x 102.19249pt.
<SASphere1.png, id=94, 116.68594pt x 97.86563pt>
File: SASphere1.png Graphic file (type png)
<use SASphere1.png>
Package pdftex.def Info: SASphere1.png  used on input line 255.
(pdftex.def)             Requested size: 105.78574pt x 88.72781pt.
<SASphere2.png, id=95, 120.45pt x 97.11281pt>
File: SASphere2.png Graphic file (type png)
<use SASphere2.png>
Package pdftex.def Info: SASphere2.png  used on input line 257.
(pdftex.def)             Requested size: 105.78574pt x 85.29208pt.
<ArcLength1.png, id=96, 131.74219pt x 132.495pt>
File: ArcLength1.png Graphic file (type png)
<use ArcLength1.png>
Package pdftex.def Info: ArcLength1.png  used on input line 272.
(pdftex.def)             Requested size: 84.6318pt x 85.11996pt.
<ArcLength2.png, id=97, 129.48375pt x 140.02313pt>
File: ArcLength2.png Graphic file (type png)
<use ArcLength2.png>
Package pdftex.def Info: ArcLength2.png  used on input line 274.
(pdftex.def)             Requested size: 84.6318pt x 91.52458pt.
<ArcLength3.png, id=98, 134.75343pt x 136.25906pt>
File: ArcLength3.png Graphic file (type png)
<use ArcLength3.png>
Package pdftex.def Info: ArcLength3.png  used on input line 276.
(pdftex.def)             Requested size: 84.6318pt x 85.57751pt.
<ArcLength4.png, id=99, 134.00063pt x 129.48375pt>
File: ArcLength4.png Graphic file (type png)
<use ArcLength4.png>
Package pdftex.def Info: ArcLength4.png  used on input line 278.
(pdftex.def)             Requested size: 84.6318pt x 81.77867pt.
 [5 <./SA1.png> <./SA2.png> <./SA3.png> <./SA4.png> <./SA5.png> <./SA6.png> <./
SA7.png> <./SA8.png> <./SASphere1.png> <./SASphere2.png> <./ArcLength1.png> <./
ArcLength2.png> <./ArcLength3.png> <./ArcLength4.png>]
<Complementary1.png, id=117, 174.6525pt x 147.55125pt>
File: Complementary1.png Graphic file (type png)
<use Complementary1.png>
Package pdftex.def Info: Complementary1.png  used on input line 293.
(pdftex.def)             Requested size: 79.33728pt x 67.02559pt.
<Complementary2.png, id=118, 143.03438pt x 164.11313pt>
File: Complementary2.png Graphic file (type png)
<use Complementary2.png>
Package pdftex.def Info: Complementary2.png  used on input line 295.
(pdftex.def)             Requested size: 79.33728pt x 91.02876pt.
<Sup1.png, id=119, 154.32657pt x 188.20313pt>
File: Sup1.png Graphic file (type png)
<use Sup1.png>
Package pdftex.def Info: Sup1.png  used on input line 297.
(pdftex.def)             Requested size: 79.33728pt x 96.7548pt.
<Sup2.png, id=120, 151.3153pt x 170.88844pt>
File: Sup2.png Graphic file (type png)
<use Sup2.png>
Package pdftex.def Info: Sup2.png  used on input line 299.
(pdftex.def)             Requested size: 79.33728pt x 89.60042pt.
<Angle1.png, id=121, 150.5625pt x 184.43906pt>
File: Angle1.png Graphic file (type png)
<use Angle1.png>
Package pdftex.def Info: Angle1.png  used on input line 301.
(pdftex.def)             Requested size: 79.33728pt x 97.19218pt.
<Angle2.png, id=122, 152.06813pt x 153.57375pt>
File: Angle2.png Graphic file (type png)
<use Angle2.png>
Package pdftex.def Info: Angle2.png  used on input line 305.
(pdftex.def)             Requested size: 79.33728pt x 80.1236pt.
<Ver1.png, id=123, 201.00093pt x 196.48407pt>
File: Ver1.png Graphic file (type png)
<use Ver1.png>
Package pdftex.def Info: Ver1.png  used on input line 307.
(pdftex.def)             Requested size: 79.33728pt x 77.55188pt.
<Angle3.png, id=124, 222.07968pt x 134.75343pt>
File: Angle3.png Graphic file (type png)
<use Angle3.png>
Package pdftex.def Info: Angle3.png  used on input line 309.
(pdftex.def)             Requested size: 79.33728pt x 48.13902pt.
<Angle4.png, id=125, 220.57407pt x 185.19188pt>
File: Angle4.png Graphic file (type png)
<use Angle4.png>
Package pdftex.def Info: Angle4.png  used on input line 311.
(pdftex.def)             Requested size: 79.33728pt x 66.60966pt.
<Angle6.png, id=126, 247.67531pt x 172.39406pt>
File: Angle6.png Graphic file (type png)
<use Angle6.png>
Package pdftex.def Info: Angle6.png  used on input line 313.
(pdftex.def)             Requested size: 79.33728pt x 55.22246pt.
<Angle8.png, id=127, 221.32687pt x 185.19188pt>
File: Angle8.png Graphic file (type png)
<use Angle8.png>
Package pdftex.def Info: Angle8.png  used on input line 317.
(pdftex.def)             Requested size: 79.33728pt x 66.3836pt.
<Angle9.png, id=128, 227.34938pt x 170.88844pt>
File: Angle9.png Graphic file (type png)
<use Angle9.png>
Package pdftex.def Info: Angle9.png  used on input line 319.
(pdftex.def)             Requested size: 79.33728pt x 59.63452pt.
<Angle10.png, id=129, 234.8775pt x 173.14688pt>
File: Angle10.png Graphic file (type png)
<use Angle10.png>
Package pdftex.def Info: Angle10.png  used on input line 321.
(pdftex.def)             Requested size: 79.33728pt x 58.48607pt.
<Angle11.png, id=130, 203.25937pt x 223.58531pt>
File: Angle11.png Graphic file (type png)
<use Angle11.png>
Package pdftex.def Info: Angle11.png  used on input line 323.
(pdftex.def)             Requested size: 79.33728pt x 87.26955pt.
<Angle12.png, id=131, 215.30438pt x 228.10219pt>
File: Angle12.png Graphic file (type png)
<use Angle12.png>
Package pdftex.def Info: Angle12.png  used on input line 325.
(pdftex.def)             Requested size: 79.33728pt x 84.05537pt.
<Angle13.png, id=132, 225.09094pt x 185.19188pt>
File: Angle13.png Graphic file (type png)
<use Angle13.png>
Package pdftex.def Info: Angle13.png  used on input line 329.
(pdftex.def)             Requested size: 79.33728pt x 65.27307pt.
<Angle14.png, id=133, 213.04594pt x 221.32687pt>
File: Angle14.png Graphic file (type png)
<use Angle14.png>
Package pdftex.def Info: Angle14.png  used on input line 331.
(pdftex.def)             Requested size: 79.33728pt x 82.42323pt.
<Angle15.png, id=134, 219.06844pt x 219.82124pt>
File: Angle15.png Graphic file (type png)
<use Angle15.png>
Package pdftex.def Info: Angle15.png  used on input line 333.
(pdftex.def)             Requested size: 79.33728pt x 79.60852pt.
<Angle16.png, id=135, 234.8775pt x 171.64125pt>
File: Angle16.png Graphic file (type png)
<use Angle16.png>
Package pdftex.def Info: Angle16.png  used on input line 335.
(pdftex.def)             Requested size: 79.33728pt x 57.97748pt.
<Angle17.png, id=136, 268.00125pt x 196.48407pt>
File: Angle17.png Graphic file (type png)
<use Angle17.png>
Package pdftex.def Info: Angle17.png  used on input line 337.
(pdftex.def)             Requested size: 79.33728pt x 58.16316pt.
<Pyth1.png, id=137, 140.02313pt x 140.02313pt>
File: Pyth1.png Graphic file (type png)
<use Pyth1.png>
Package pdftex.def Info: Pyth1.png  used on input line 351.
(pdftex.def)             Requested size: 79.33728pt x 79.33968pt.
<Pyth2.png, id=138, 159.59625pt x 110.66344pt>
File: Pyth2.png Graphic file (type png)
<use Pyth2.png>
Package pdftex.def Info: Pyth2.png  used on input line 353.
(pdftex.def)             Requested size: 79.33728pt x 55.01242pt.
<Pyth3.png, id=139, 155.07938pt x 106.89937pt>
File: Pyth3.png Graphic file (type png)
<use Pyth3.png>
Package pdftex.def Info: Pyth3.png  used on input line 355.
(pdftex.def)             Requested size: 79.33728pt x 54.68758pt.
<Pyth4.png, id=140, 130.98938pt x 133.24782pt>
File: Pyth4.png Graphic file (type png)
<use Pyth4.png>
Package pdftex.def Info: Pyth4.png  used on input line 357.
(pdftex.def)             Requested size: 79.33728pt x 80.70767pt.
 [6 <./Complementary1.png> <./Complementary2.png> <./Sup1.png> <./Sup2.png> <./
Angle1.png> <./Angle2.png> <./Ver1.png> <./Angle3.png> <./Angle4.png> <./Angle6
.png> <./Angle8.png> <./Angle9.png> <./Angle10.png> <./Angle11.png> <./Angle12.
png> <./Angle13.png> <./Angle14.png> <./Angle15.png> <./Angle16.png> <./Angle17
.png> <./Pyth1.png> <./Pyth2.png> <./Pyth3.png> <./Pyth4.png>]
<Con1.png, id=168, 177.66376pt x 109.1578pt>
File: Con1.png Graphic file (type png)
<use Con1.png>
Package pdftex.def Info: Con1.png  used on input line 375.
(pdftex.def)             Requested size: 79.33728pt x 48.74579pt.
<Con2.png, id=169, 176.15813pt x 113.67468pt>
File: Con2.png Graphic file (type png)
<use Con2.png>
Package pdftex.def Info: Con2.png  used on input line 377.
(pdftex.def)             Requested size: 79.33728pt x 51.19649pt.
<Con3.png, id=170, 155.83218pt x 99.37125pt>
File: Con3.png Graphic file (type png)
<use Con3.png>
Package pdftex.def Info: Con3.png  used on input line 379.
(pdftex.def)             Requested size: 79.33728pt x 50.59222pt.
<Con4.png, id=171, 165.61874pt x 114.4275pt>
File: Con4.png Graphic file (type png)
<use Con4.png>
Package pdftex.def Info: Con4.png  used on input line 381.
(pdftex.def)             Requested size: 79.33728pt x 54.81458pt.
<Trans1.png, id=172, 297.36093pt x 274.02374pt>
File: Trans1.png Graphic file (type png)
<use Trans1.png>
Package pdftex.def Info: Trans1.png  used on input line 397.
(pdftex.def)             Requested size: 211.57147pt x 194.96379pt.
<Trans2.png, id=173, 270.25969pt x 268.75406pt>
File: Trans2.png Graphic file (type png)
<use Trans2.png>
Package pdftex.def Info: Trans2.png  used on input line 399.
(pdftex.def)             Requested size: 200.99854pt x 199.8837pt.
<Trans3.png, id=174, 258.21469pt x 255.95625pt>
File: Trans3.png Graphic file (type png)
<use Trans3.png>
Package pdftex.def Info: Trans3.png  used on input line 407.
(pdftex.def)             Requested size: 185.13109pt x 183.51895pt.
<Trans4.png, id=175, 263.48438pt x 261.97874pt>
File: Trans4.png Graphic file (type png)
<use Trans4.png>
Package pdftex.def Info: Trans4.png  used on input line 409.
(pdftex.def)             Requested size: 195.70401pt x 194.59277pt.
 [7 <./Con1.png> <./Con2.png> <./Con3.png> <./Con4.png> <./Trans1.png> <./Trans
2.png> <./Trans3.png> <./Trans4.png>]
<Trans5.png, id=189, 259.7203pt x 254.45062pt>
File: Trans5.png Graphic file (type png)
<use Trans5.png>
Package pdftex.def Info: Trans5.png  used on input line 419.
(pdftex.def)             Requested size: 211.57147pt x 207.27641pt.
<Trans6.png, id=190, 258.21469pt x 259.7203pt>
File: Trans6.png Graphic file (type png)
<use Trans6.png>
Package pdftex.def Info: Trans6.png  used on input line 421.
(pdftex.def)             Requested size: 211.57147pt x 212.8135pt.
<Trans7.png, id=191, 255.20343pt x 255.20343pt>
File: Trans7.png Graphic file (type png)
<use Trans7.png>
Package pdftex.def Info: Trans7.png  used on input line 429.
(pdftex.def)             Requested size: 211.57147pt x 211.58125pt.
<Trans8.png, id=192, 258.9675pt x 261.22594pt>
File: Trans8.png Graphic file (type png)
<use Trans8.png>
Package pdftex.def Info: Trans8.png  used on input line 431.
(pdftex.def)             Requested size: 211.57147pt x 213.42538pt.
 [8 <./Trans5.png> <./Trans6.png> <./Trans7.png> <./Trans8.png>] (./GeometryPac
ket.aux)
 ***********
LaTeX2e <2023-11-01> patch level 1
L3 programming layer <2024-01-22>
 ***********
 ) 
Here is how much of TeX's memory you used:
 3120 strings out of 476106
 49681 string characters out of 5793933
 1928975 words of memory out of 5000000
 25145 multiletter control sequences out of 15000+600000
 560377 words of font info for 44 fonts, out of 8000000 for 9000
 59 hyphenation exceptions out of 8191
 57i,7n,65p,245b,231s stack positions out of 10000i,1000n,20000p,200000b,200000s
 </home/william/.texlive2023/texmf-var/fonts/pk/ljfour/jknappen/ec/tcrm1000.6
00pk></usr/share/texlive/texmf-dist/fonts/type1/public/amsfonts/cm/cmbx10.pfb><
/usr/share/texlive/texmf-dist/fonts/type1/public/amsfonts/cm/cmbx12.pfb></usr/s
hare/texlive/texmf-dist/fonts/type1/public/amsfonts/cm/cmmi10.pfb></usr/share/t
exlive/texmf-dist/fonts/type1/public/amsfonts/cm/cmr10.pfb></usr/share/texlive/
texmf-dist/fonts/type1/public/amsfonts/cm/cmr7.pfb>
Output written on GeometryPacket.pdf (8 pages, 483622 bytes).
PDF statistics:
 228 PDF objects out of 1000 (max. 8388607)
 40 compressed objects within 1 object stream
 0 named destinations out of 1000 (max. 500000)
 416 words of extra memory for PDF output out of 10000 (max. 10000000)

